<?xml version="1.0" encoding="UTF-8"?>
<!-- Generated by org.testng.reporters.JUnitReportReporter -->
<testsuite hostname="ThanhTriTRAN" name="testcases.LoginScreen.Login" tests="1" failures="0" timestamp="15 Jun 2017 04:53:33 GMT" time="10.720" errors="0">
  <testcase name="Login001" time="10.720" classname="testcases.LoginScreen.Login"/>
</testsuite> <!-- testcases.LoginScreen.Login -->
