<?xml version="1.0" encoding="UTF-8"?>
<!-- Generated by org.testng.reporters.JUnitReportReporter -->
<testsuite hostname="ThanhTriTRAN" name="loginscreen.Login_TC_001" tests="3" failures="0" timestamp="26 Jun 2017 06:39:37 GMT" time="16.526" errors="0">
  <testcase name="TC_Login002" time="7.670" classname="loginscreen.Login_TC_001"/>
  <testcase name="TC_Login003" time="3.318" classname="loginscreen.Login_TC_001"/>
  <testcase name="TC_Login001" time="5.538" classname="loginscreen.Login_TC_001"/>
</testsuite> <!-- loginscreen.Login_TC_001 -->
