<?xml version="1.0" encoding="UTF-8"?>
<!-- Generated by org.testng.reporters.JUnitReportReporter -->
<testsuite hostname="ThanhTriTRAN" name="loginscreen.Login_TC_001" tests="3" failures="0" timestamp="26 Jun 2017 04:56:36 GMT" time="15.672" errors="0">
  <testcase name="TC_Login002" time="5.552" classname="loginscreen.Login_TC_001"/>
  <testcase name="TC_Login001" time="6.483" classname="loginscreen.Login_TC_001"/>
  <testcase name="TC_Login003" time="3.637" classname="loginscreen.Login_TC_001"/>
</testsuite> <!-- loginscreen.Login_TC_001 -->
