<?xml version="1.0" encoding="UTF-8"?>
<!-- Generated by org.testng.reporters.JUnitReportReporter -->
<testsuite hostname="ThanhTriTRAN" name="LoginScreen.Login" tests="3" failures="0" timestamp="21 Jun 2017 04:44:39 GMT" time="11.990" errors="0">
  <testcase name="TC_Login003" time="3.567" classname="LoginScreen.Login"/>
  <testcase name="TC_Login001" time="5.263" classname="LoginScreen.Login"/>
  <testcase name="TC_Login002" time="3.160" classname="LoginScreen.Login"/>
</testsuite> <!-- LoginScreen.Login -->
