<?xml version="1.0" encoding="UTF-8"?>
<!-- Generated by org.testng.reporters.JUnitReportReporter -->
<testsuite hostname="ThanhTriTRAN" name="loginscreen.Login_TC_001" tests="3" failures="0" timestamp="22 Jun 2017 04:23:37 GMT" time="9.911" errors="0">
  <testcase name="TC_Login003" time="3.273" classname="loginscreen.Login_TC_001"/>
  <testcase name="TC_Login001" time="3.899" classname="loginscreen.Login_TC_001"/>
  <testcase name="TC_Login002" time="2.739" classname="loginscreen.Login_TC_001"/>
</testsuite> <!-- loginscreen.Login_TC_001 -->
