<?xml version="1.0" encoding="UTF-8"?>
<!-- Generated by org.testng.reporters.JUnitReportReporter -->
<testsuite hostname="ThanhTriTRAN" name="loginscreen.Login_TC_001" tests="3" failures="0" timestamp="23 Jun 2017 11:00:35 GMT" time="9.165" errors="0">
  <testcase name="TC_Login001" time="3.358" classname="loginscreen.Login_TC_001"/>
  <testcase name="TC_Login002" time="2.290" classname="loginscreen.Login_TC_001"/>
  <testcase name="TC_Login003" time="3.517" classname="loginscreen.Login_TC_001"/>
</testsuite> <!-- loginscreen.Login_TC_001 -->
