<?xml version="1.0" encoding="UTF-8"?>
<!-- Generated by org.testng.reporters.JUnitReportReporter -->
<testsuite hostname="ThanhTriTRAN" name="LoginScreen.Login" tests="2" failures="0" timestamp="16 Jun 2017 09:48:09 GMT" time="8.533" errors="0">
  <testcase name="TC_Login002" time="4.808" classname="LoginScreen.Login"/>
  <testcase name="TC_Login001" time="3.725" classname="LoginScreen.Login"/>
</testsuite> <!-- LoginScreen.Login -->
